<?xml version="1.0" encoding="UTF-8"?>
<!-- Generated by org.testng.reporters.JUnitReportReporter -->
<testsuite hostname="DESKTOP-315BBS2" failures="0" tests="1" name="testDD.TC_002LoginTestDD" time="5.737" errors="0" timestamp="2025-03-03T19:39:34 IST" skipped="0">
  <testcase classname="testDD.TC_002LoginTestDD" name="LoginTest" time="5.737"/>
</testsuite> <!-- testDD.TC_002LoginTestDD -->
